0 info it worked if it ends with ok
1 verbose cli [ '/usr/local/bin/node',
1 verbose cli   '/usr/local/bin/npm',
1 verbose cli   'install',
1 verbose cli   'twitter-userstream',
1 verbose cli   '--save' ]
2 info using npm@1.4.28
3 info using node@v0.10.33
4 verbose readDependencies using package.json deps
5 verbose cache add [ 'twitter-userstream', null ]
6 verbose cache add name=undefined spec="twitter-userstream" args=["twitter-userstream",null]
7 verbose parsed url { protocol: null,
7 verbose parsed url   slashes: null,
7 verbose parsed url   auth: null,
7 verbose parsed url   host: null,
7 verbose parsed url   port: null,
7 verbose parsed url   hostname: null,
7 verbose parsed url   hash: null,
7 verbose parsed url   search: null,
7 verbose parsed url   query: null,
7 verbose parsed url   pathname: 'twitter-userstream',
7 verbose parsed url   path: 'twitter-userstream',
7 verbose parsed url   href: 'twitter-userstream' }
8 silly lockFile 9a386a59-twitter-userstream twitter-userstream
9 verbose lock twitter-userstream /home/sinner/.npm/9a386a59-twitter-userstream.lock
10 silly lockFile 9a386a59-twitter-userstream twitter-userstream
11 silly lockFile 9a386a59-twitter-userstream twitter-userstream
12 verbose addNamed [ 'twitter-userstream', '' ]
13 verbose addNamed [ null, '*' ]
14 silly lockFile 08095231-twitter-userstream twitter-userstream@
15 verbose lock twitter-userstream@ /home/sinner/.npm/08095231-twitter-userstream.lock
16 silly addNameRange { name: 'twitter-userstream', range: '*', hasData: false }
17 verbose request where is /twitter-userstream
18 verbose request registry https://registry.npmjs.org/
19 verbose request id 54f75a586e91a5f4
20 verbose url raw /twitter-userstream
21 verbose url resolving [ 'https://registry.npmjs.org/', './twitter-userstream' ]
22 verbose url resolved https://registry.npmjs.org/twitter-userstream
23 verbose request where is https://registry.npmjs.org/twitter-userstream
24 info trying registry request attempt 1 at 20:21:07
25 http GET https://registry.npmjs.org/twitter-userstream
26 http 404 https://registry.npmjs.org/twitter-userstream
27 verbose headers { date: 'Fri, 05 Dec 2014 11:20:48 GMT',
27 verbose headers   server: 'CouchDB/1.5.0 (Erlang OTP/R16B03)',
27 verbose headers   'content-type': 'application/json',
27 verbose headers   'cache-control': 'max-age=0',
27 verbose headers   'content-length': '52',
27 verbose headers   'accept-ranges': 'bytes',
27 verbose headers   via: '1.1 varnish',
27 verbose headers   age: '0',
27 verbose headers   'x-served-by': 'cache-ty67-TYO',
27 verbose headers   'x-cache': 'MISS',
27 verbose headers   'x-cache-hits': '0',
27 verbose headers   'x-timer': 'S1417778448.334508,VS0,VE188',
27 verbose headers   'keep-alive': 'timeout=10, max=50',
27 verbose headers   connection: 'Keep-Alive' }
28 silly registry.get cb [ 404,
28 silly registry.get   { date: 'Fri, 05 Dec 2014 11:20:48 GMT',
28 silly registry.get     server: 'CouchDB/1.5.0 (Erlang OTP/R16B03)',
28 silly registry.get     'content-type': 'application/json',
28 silly registry.get     'cache-control': 'max-age=0',
28 silly registry.get     'content-length': '52',
28 silly registry.get     'accept-ranges': 'bytes',
28 silly registry.get     via: '1.1 varnish',
28 silly registry.get     age: '0',
28 silly registry.get     'x-served-by': 'cache-ty67-TYO',
28 silly registry.get     'x-cache': 'MISS',
28 silly registry.get     'x-cache-hits': '0',
28 silly registry.get     'x-timer': 'S1417778448.334508,VS0,VE188',
28 silly registry.get     'keep-alive': 'timeout=10, max=50',
28 silly registry.get     connection: 'Keep-Alive' } ]
29 silly lockFile 08095231-twitter-userstream twitter-userstream@
30 silly lockFile 08095231-twitter-userstream twitter-userstream@
31 error 404 404 Not Found: twitter-userstream
31 error 404
31 error 404 'twitter-userstream' is not in the npm registry.
31 error 404 You should bug the author to publish it
31 error 404 It was specified as a dependency of 'hosted-hubot'
31 error 404
31 error 404 Note that you can also install from a
31 error 404 tarball, folder, or http url, or git url.
32 error System Linux 3.16.0-23-generic
33 error command "/usr/local/bin/node" "/usr/local/bin/npm" "install" "twitter-userstream" "--save"
34 error cwd /home/sinner/work/hubot/busBotOnTwitter
35 error node -v v0.10.33
36 error npm -v 1.4.28
37 error code E404
38 verbose exit [ 1, true ]
